<?xml version="1.0" encoding="UTF-8"?>
<testng-results ignored="0" total="10" passed="10" failed="0" skipped="0">
  <reporter-output>
  </reporter-output>
  <suite started-at="2026-02-01T13:14:13 IST" name="Surefire suite" finished-at="2026-02-01T13:14:45 IST" duration-ms="32212">
    <groups>
      <group name="cucumber">
        <method signature="AbstractTestNGCucumberTests.runScenario(io.cucumber.testng.PickleWrapper,io.cucumber.testng.FeatureWrapper)[pri:0, instance:runners.TestRunner@50b472aa]" name="runScenario" class="io.cucumber.testng.AbstractTestNGCucumberTests"/>
      </group> <!-- cucumber -->
    </groups>
    <test started-at="2026-02-01T13:14:13 IST" name="Surefire test" finished-at="2026-02-01T13:14:45 IST" duration-ms="32212">
      <class name="runners.TestRunner">
        <test-method is-config="true" signature="setUpClass(org.testng.ITestContext)[pri:0, instance:runners.TestRunner@50b472aa]" started-at="2026-02-01T13:14:13 IST" name="setUpClass" finished-at="2026-02-01T13:14:14 IST" duration-ms="708" status="PASS">
          <params>
            <param index="0">
              <value>
                <![CDATA[org.testng.TestRunner@8840c98]]>
              </value>
            </param>
          </params>
          <reporter-output>
          </reporter-output>
        </test-method> <!-- setUpClass -->
        <test-method signature="runScenario(io.cucumber.testng.PickleWrapper,io.cucumber.testng.FeatureWrapper)[pri:0, instance:runners.TestRunner@50b472aa]" started-at="2026-02-01T13:14:14 IST" name="runScenario" description="Runs Cucumber Scenarios" data-provider="scenarios" finished-at="2026-02-01T13:14:20 IST" duration-ms="5531" status="PASS">
          <params>
            <param index="0">
              <value>
                <![CDATA["UI scenario"]]>
              </value>
            </param>
            <param index="1">
              <value>
                <![CDATA["UI Test"]]>
              </value>
            </param>
          </params>
          <reporter-output>
          </reporter-output>
        </test-method> <!-- runScenario -->
        <test-method signature="runScenario(io.cucumber.testng.PickleWrapper,io.cucumber.testng.FeatureWrapper)[pri:0, instance:runners.TestRunner@50b472aa]" started-at="2026-02-01T13:14:20 IST" name="runScenario" description="Runs Cucumber Scenarios" data-provider="scenarios" finished-at="2026-02-01T13:14:22 IST" duration-ms="2730" status="PASS">
          <params>
            <param index="0">
              <value>
                <![CDATA["UI scenario"]]>
              </value>
            </param>
            <param index="1">
              <value>
                <![CDATA["UI Test"]]>
              </value>
            </param>
          </params>
          <reporter-output>
          </reporter-output>
        </test-method> <!-- runScenario -->
        <test-method signature="runScenario(io.cucumber.testng.PickleWrapper,io.cucumber.testng.FeatureWrapper)[pri:0, instance:runners.TestRunner@50b472aa]" started-at="2026-02-01T13:14:22 IST" name="runScenario" description="Runs Cucumber Scenarios" data-provider="scenarios" finished-at="2026-02-01T13:14:25 IST" duration-ms="2728" status="PASS">
          <params>
            <param index="0">
              <value>
                <![CDATA["UI scenario"]]>
              </value>
            </param>
            <param index="1">
              <value>
                <![CDATA["UI Test"]]>
              </value>
            </param>
          </params>
          <reporter-output>
          </reporter-output>
        </test-method> <!-- runScenario -->
        <test-method signature="runScenario(io.cucumber.testng.PickleWrapper,io.cucumber.testng.FeatureWrapper)[pri:0, instance:runners.TestRunner@50b472aa]" started-at="2026-02-01T13:14:25 IST" name="runScenario" description="Runs Cucumber Scenarios" data-provider="scenarios" finished-at="2026-02-01T13:14:28 IST" duration-ms="2681" status="PASS">
          <params>
            <param index="0">
              <value>
                <![CDATA["UI scenario"]]>
              </value>
            </param>
            <param index="1">
              <value>
                <![CDATA["UI Test"]]>
              </value>
            </param>
          </params>
          <reporter-output>
          </reporter-output>
        </test-method> <!-- runScenario -->
        <test-method signature="runScenario(io.cucumber.testng.PickleWrapper,io.cucumber.testng.FeatureWrapper)[pri:0, instance:runners.TestRunner@50b472aa]" started-at="2026-02-01T13:14:28 IST" name="runScenario" description="Runs Cucumber Scenarios" data-provider="scenarios" finished-at="2026-02-01T13:14:31 IST" duration-ms="3340" status="PASS">
          <params>
            <param index="0">
              <value>
                <![CDATA["UI scenario"]]>
              </value>
            </param>
            <param index="1">
              <value>
                <![CDATA["UI Test"]]>
              </value>
            </param>
          </params>
          <reporter-output>
          </reporter-output>
        </test-method> <!-- runScenario -->
        <test-method signature="runScenario(io.cucumber.testng.PickleWrapper,io.cucumber.testng.FeatureWrapper)[pri:0, instance:runners.TestRunner@50b472aa]" started-at="2026-02-01T13:14:31 IST" name="runScenario" description="Runs Cucumber Scenarios" data-provider="scenarios" finished-at="2026-02-01T13:14:34 IST" duration-ms="2755" status="PASS">
          <params>
            <param index="0">
              <value>
                <![CDATA["UI scenario"]]>
              </value>
            </param>
            <param index="1">
              <value>
                <![CDATA["UI Test"]]>
              </value>
            </param>
          </params>
          <reporter-output>
          </reporter-output>
        </test-method> <!-- runScenario -->
        <test-method signature="runScenario(io.cucumber.testng.PickleWrapper,io.cucumber.testng.FeatureWrapper)[pri:0, instance:runners.TestRunner@50b472aa]" started-at="2026-02-01T13:14:34 IST" name="runScenario" description="Runs Cucumber Scenarios" data-provider="scenarios" finished-at="2026-02-01T13:14:37 IST" duration-ms="2800" status="PASS">
          <params>
            <param index="0">
              <value>
                <![CDATA["UI scenario"]]>
              </value>
            </param>
            <param index="1">
              <value>
                <![CDATA["UI Test"]]>
              </value>
            </param>
          </params>
          <reporter-output>
          </reporter-output>
        </test-method> <!-- runScenario -->
        <test-method signature="runScenario(io.cucumber.testng.PickleWrapper,io.cucumber.testng.FeatureWrapper)[pri:0, instance:runners.TestRunner@50b472aa]" started-at="2026-02-01T13:14:37 IST" name="runScenario" description="Runs Cucumber Scenarios" data-provider="scenarios" finished-at="2026-02-01T13:14:39 IST" duration-ms="2751" status="PASS">
          <params>
            <param index="0">
              <value>
                <![CDATA["UI scenario"]]>
              </value>
            </param>
            <param index="1">
              <value>
                <![CDATA["UI Test"]]>
              </value>
            </param>
          </params>
          <reporter-output>
          </reporter-output>
        </test-method> <!-- runScenario -->
        <test-method signature="runScenario(io.cucumber.testng.PickleWrapper,io.cucumber.testng.FeatureWrapper)[pri:0, instance:runners.TestRunner@50b472aa]" started-at="2026-02-01T13:14:39 IST" name="runScenario" description="Runs Cucumber Scenarios" data-provider="scenarios" finished-at="2026-02-01T13:14:42 IST" duration-ms="2677" status="PASS">
          <params>
            <param index="0">
              <value>
                <![CDATA["UI scenario"]]>
              </value>
            </param>
            <param index="1">
              <value>
                <![CDATA["UI Test"]]>
              </value>
            </param>
          </params>
          <reporter-output>
          </reporter-output>
        </test-method> <!-- runScenario -->
        <test-method signature="runScenario(io.cucumber.testng.PickleWrapper,io.cucumber.testng.FeatureWrapper)[pri:0, instance:runners.TestRunner@50b472aa]" started-at="2026-02-01T13:14:42 IST" name="runScenario" description="Runs Cucumber Scenarios" data-provider="scenarios" finished-at="2026-02-01T13:14:45 IST" duration-ms="3433" status="PASS">
          <params>
            <param index="0">
              <value>
                <![CDATA["UI scenario"]]>
              </value>
            </param>
            <param index="1">
              <value>
                <![CDATA["UI Test"]]>
              </value>
            </param>
          </params>
          <reporter-output>
          </reporter-output>
        </test-method> <!-- runScenario -->
        <test-method is-config="true" signature="tearDownClass()[pri:0, instance:runners.TestRunner@50b472aa]" started-at="2026-02-01T13:14:45 IST" name="tearDownClass" finished-at="2026-02-01T13:14:45 IST" duration-ms="3" status="PASS">
          <reporter-output>
          </reporter-output>
        </test-method> <!-- tearDownClass -->
      </class> <!-- runners.TestRunner -->
    </test> <!-- Surefire test -->
  </suite> <!-- Surefire suite -->
</testng-results>
