<?xml version="1.0" encoding="UTF-8"?>
<!-- Generated by org.testng.reporters.JUnitReportReporter -->
<testsuite hostname="DESKTOP-MB0GCC9" failures="0" tests="10" name="runners.TestRunner" time="31.426" errors="0" timestamp="2026-02-01T13:14:46 IST" skipped="0">
  <testcase classname="runners.TestRunner" name="runScenario" time="2.728"/>
  <testcase classname="runners.TestRunner" name="runScenario" time="3.433"/>
  <testcase classname="runners.TestRunner" name="runScenario" time="2.800"/>
  <testcase classname="runners.TestRunner" name="runScenario" time="3.340"/>
  <testcase classname="runners.TestRunner" name="runScenario" time="2.755"/>
  <testcase classname="runners.TestRunner" name="runScenario" time="2.751"/>
  <testcase classname="runners.TestRunner" name="runScenario" time="5.531"/>
  <testcase classname="runners.TestRunner" name="runScenario" time="2.681"/>
  <testcase classname="runners.TestRunner" name="runScenario" time="2.730"/>
  <testcase classname="runners.TestRunner" name="runScenario" time="2.677"/>
</testsuite> <!-- runners.TestRunner -->
